<?xml version="1.0" encoding="UTF-8"?>
<!-- Generated by org.testng.reporters.JUnitReportReporter -->
<testsuite hostname="LAPTOP-PR59S391" failures="0" tests="3" name="framework.tests.ActualTest" time="19.191" errors="0" timestamp="2024-03-06T13:35:24 IST" skipped="0">
  <testcase classname="framework.tests.ActualTest" name="ActualTest" time="9.437"/>
  <testcase classname="framework.tests.ActualTest" name="OrderHistoryTest" time="2.470"/>
  <testcase classname="framework.tests.ActualTest" name="ActualTest" time="7.284"/>
</testsuite> <!-- framework.tests.ActualTest -->
